Training scheduled for language : vi 
Got language argument as vi
{'loss': 0.7183, 'learning_rate': 1.9918513689700133e-05, 'epoch': 0.02}
{'loss': 0.692, 'learning_rate': 1.983702737940026e-05, 'epoch': 0.04}
{'loss': 0.6818, 'learning_rate': 1.9755541069100392e-05, 'epoch': 0.06}
{'loss': 0.6777, 'learning_rate': 1.9674054758800523e-05, 'epoch': 0.08}
{'loss': 0.6647, 'learning_rate': 1.9592568448500654e-05, 'epoch': 0.1}
{'loss': 0.6567, 'learning_rate': 1.9511082138200782e-05, 'epoch': 0.12}
{'loss': 0.6588, 'learning_rate': 1.9429595827900913e-05, 'epoch': 0.14}
{'loss': 0.6482, 'learning_rate': 1.9348109517601044e-05, 'epoch': 0.16}
{'loss': 0.6675, 'learning_rate': 1.9266623207301176e-05, 'epoch': 0.18}
{'loss': 0.6556, 'learning_rate': 1.9185136897001307e-05, 'epoch': 0.2}
{'loss': 0.6535, 'learning_rate': 1.9103650586701438e-05, 'epoch': 0.22}
{'loss': 0.6391, 'learning_rate': 1.9022164276401566e-05, 'epoch': 0.24}
{'loss': 0.6391, 'learning_rate': 1.8940677966101697e-05, 'epoch': 0.26}
{'loss': 0.6394, 'learning_rate': 1.8859191655801828e-05, 'epoch': 0.29}
{'loss': 0.6388, 'learning_rate': 1.8777705345501956e-05, 'epoch': 0.31}
{'loss': 0.6312, 'learning_rate': 1.8696219035202087e-05, 'epoch': 0.33}
{'loss': 0.6242, 'learning_rate': 1.861473272490222e-05, 'epoch': 0.35}
{'loss': 0.6264, 'learning_rate': 1.853324641460235e-05, 'epoch': 0.37}
{'loss': 0.6373, 'learning_rate': 1.8451760104302477e-05, 'epoch': 0.39}
{'loss': 0.6203, 'learning_rate': 1.837027379400261e-05, 'epoch': 0.41}
{'loss': 0.6239, 'learning_rate': 1.828878748370274e-05, 'epoch': 0.43}
{'loss': 0.6222, 'learning_rate': 1.820730117340287e-05, 'epoch': 0.45}
{'loss': 0.6388, 'learning_rate': 1.8125814863103e-05, 'epoch': 0.47}
{'loss': 0.6144, 'learning_rate': 1.804432855280313e-05, 'epoch': 0.49}
{'loss': 0.6105, 'learning_rate': 1.796284224250326e-05, 'epoch': 0.51}
{'loss': 0.6217, 'learning_rate': 1.788135593220339e-05, 'epoch': 0.53}
{'loss': 0.6311, 'learning_rate': 1.7799869621903524e-05, 'epoch': 0.55}
{'loss': 0.6252, 'learning_rate': 1.771838331160365e-05, 'epoch': 0.57}
{'loss': 0.6101, 'learning_rate': 1.7636897001303783e-05, 'epoch': 0.59}
{'loss': 0.6291, 'learning_rate': 1.7555410691003914e-05, 'epoch': 0.61}
{'loss': 0.6111, 'learning_rate': 1.7473924380704045e-05, 'epoch': 0.63}
{'loss': 0.6232, 'learning_rate': 1.7392438070404173e-05, 'epoch': 0.65}
{'loss': 0.6124, 'learning_rate': 1.7310951760104304e-05, 'epoch': 0.67}
{'loss': 0.6133, 'learning_rate': 1.7229465449804435e-05, 'epoch': 0.69}
{'loss': 0.6239, 'learning_rate': 1.7147979139504566e-05, 'epoch': 0.71}
{'loss': 0.6077, 'learning_rate': 1.7066492829204694e-05, 'epoch': 0.73}
{'loss': 0.5906, 'learning_rate': 1.6985006518904825e-05, 'epoch': 0.75}
{'loss': 0.6064, 'learning_rate': 1.6903520208604957e-05, 'epoch': 0.77}
{'loss': 0.6045, 'learning_rate': 1.6822033898305084e-05, 'epoch': 0.79}
{'loss': 0.5946, 'learning_rate': 1.6740547588005215e-05, 'epoch': 0.81}
{'loss': 0.6094, 'learning_rate': 1.6659061277705347e-05, 'epoch': 0.84}
{'loss': 0.5958, 'learning_rate': 1.6577574967405478e-05, 'epoch': 0.86}
{'loss': 0.6013, 'learning_rate': 1.6496088657105606e-05, 'epoch': 0.88}
{'loss': 0.6183, 'learning_rate': 1.6414602346805737e-05, 'epoch': 0.9}
{'loss': 0.6072, 'learning_rate': 1.6333116036505868e-05, 'epoch': 0.92}
{'loss': 0.6007, 'learning_rate': 1.6251629726206e-05, 'epoch': 0.94}
{'loss': 0.5982, 'learning_rate': 1.617014341590613e-05, 'epoch': 0.96}
{'loss': 0.605, 'learning_rate': 1.608865710560626e-05, 'epoch': 0.98}
{'loss': 0.6033, 'learning_rate': 1.600717079530639e-05, 'epoch': 1.0}
{'eval_loss': 0.6262460350990295, 'eval_accuracy': 0.7393213572854291, 'eval_runtime': 8.541, 'eval_samples_per_second': 586.58, 'eval_steps_per_second': 36.764, 'epoch': 1.0}
{'loss': 0.5307, 'learning_rate': 1.592568448500652e-05, 'epoch': 1.02}
{'loss': 0.5246, 'learning_rate': 1.5844198174706652e-05, 'epoch': 1.04}
{'loss': 0.5114, 'learning_rate': 1.576271186440678e-05, 'epoch': 1.06}
{'loss': 0.5099, 'learning_rate': 1.568122555410691e-05, 'epoch': 1.08}
{'loss': 0.5154, 'learning_rate': 1.5599739243807042e-05, 'epoch': 1.1}
{'loss': 0.5166, 'learning_rate': 1.5518252933507173e-05, 'epoch': 1.12}
{'loss': 0.5085, 'learning_rate': 1.54367666232073e-05, 'epoch': 1.14}
{'loss': 0.4966, 'learning_rate': 1.5355280312907432e-05, 'epoch': 1.16}
{'loss': 0.5119, 'learning_rate': 1.5273794002607563e-05, 'epoch': 1.18}
{'loss': 0.5073, 'learning_rate': 1.5192307692307693e-05, 'epoch': 1.2}
{'loss': 0.5124, 'learning_rate': 1.5110821382007822e-05, 'epoch': 1.22}
{'loss': 0.5101, 'learning_rate': 1.5029335071707954e-05, 'epoch': 1.24}
{'loss': 0.5133, 'learning_rate': 1.4947848761408083e-05, 'epoch': 1.26}
{'loss': 0.51, 'learning_rate': 1.4866362451108216e-05, 'epoch': 1.28}
{'loss': 0.5159, 'learning_rate': 1.4784876140808346e-05, 'epoch': 1.3}
{'loss': 0.5165, 'learning_rate': 1.4703389830508477e-05, 'epoch': 1.32}
{'loss': 0.5094, 'learning_rate': 1.4621903520208606e-05, 'epoch': 1.34}
{'loss': 0.525, 'learning_rate': 1.4540417209908737e-05, 'epoch': 1.36}
{'loss': 0.5116, 'learning_rate': 1.4458930899608867e-05, 'epoch': 1.39}
{'loss': 0.5126, 'learning_rate': 1.4377444589308998e-05, 'epoch': 1.41}
{'loss': 0.517, 'learning_rate': 1.4295958279009128e-05, 'epoch': 1.43}
{'loss': 0.5102, 'learning_rate': 1.4214471968709259e-05, 'epoch': 1.45}
{'loss': 0.5233, 'learning_rate': 1.4132985658409388e-05, 'epoch': 1.47}
{'loss': 0.5173, 'learning_rate': 1.4051499348109518e-05, 'epoch': 1.49}
{'loss': 0.5192, 'learning_rate': 1.3970013037809649e-05, 'epoch': 1.51}
{'loss': 0.5065, 'learning_rate': 1.3888526727509778e-05, 'epoch': 1.53}
{'loss': 0.5081, 'learning_rate': 1.380704041720991e-05, 'epoch': 1.55}
{'loss': 0.5183, 'learning_rate': 1.372555410691004e-05, 'epoch': 1.57}
{'loss': 0.5319, 'learning_rate': 1.364406779661017e-05, 'epoch': 1.59}
{'loss': 0.5057, 'learning_rate': 1.35625814863103e-05, 'epoch': 1.61}
{'loss': 0.511, 'learning_rate': 1.3481095176010431e-05, 'epoch': 1.63}
{'loss': 0.5167, 'learning_rate': 1.3399608865710562e-05, 'epoch': 1.65}
{'loss': 0.5077, 'learning_rate': 1.3318122555410693e-05, 'epoch': 1.67}
{'loss': 0.529, 'learning_rate': 1.3236636245110823e-05, 'epoch': 1.69}
{'loss': 0.4967, 'learning_rate': 1.3155149934810954e-05, 'epoch': 1.71}
{'loss': 0.5161, 'learning_rate': 1.3073663624511084e-05, 'epoch': 1.73}
{'loss': 0.5279, 'learning_rate': 1.2992177314211213e-05, 'epoch': 1.75}
{'loss': 0.5175, 'learning_rate': 1.2910691003911344e-05, 'epoch': 1.77}
{'loss': 0.5051, 'learning_rate': 1.2829204693611474e-05, 'epoch': 1.79}
{'loss': 0.5155, 'learning_rate': 1.2747718383311605e-05, 'epoch': 1.81}
{'loss': 0.5208, 'learning_rate': 1.2666232073011735e-05, 'epoch': 1.83}
{'loss': 0.5094, 'learning_rate': 1.2584745762711866e-05, 'epoch': 1.85}
{'loss': 0.5272, 'learning_rate': 1.2503259452411995e-05, 'epoch': 1.87}
{'loss': 0.5117, 'learning_rate': 1.2421773142112126e-05, 'epoch': 1.89}
{'loss': 0.5008, 'learning_rate': 1.2340286831812256e-05, 'epoch': 1.91}
{'loss': 0.4959, 'learning_rate': 1.2258800521512385e-05, 'epoch': 1.94}
{'loss': 0.518, 'learning_rate': 1.2177314211212517e-05, 'epoch': 1.96}
{'loss': 0.5055, 'learning_rate': 1.2095827900912646e-05, 'epoch': 1.98}
{'loss': 0.5187, 'learning_rate': 1.2014341590612777e-05, 'epoch': 2.0}
{'eval_loss': 0.5793585777282715, 'eval_accuracy': 0.7644710578842315, 'eval_runtime': 8.4157, 'eval_samples_per_second': 595.314, 'eval_steps_per_second': 37.311, 'epoch': 2.0}
{'loss': 0.4216, 'learning_rate': 1.193285528031291e-05, 'epoch': 2.02}
{'loss': 0.4, 'learning_rate': 1.185136897001304e-05, 'epoch': 2.04}
{'loss': 0.4099, 'learning_rate': 1.176988265971317e-05, 'epoch': 2.06}
{'loss': 0.4038, 'learning_rate': 1.16883963494133e-05, 'epoch': 2.08}
{'loss': 0.4148, 'learning_rate': 1.160691003911343e-05, 'epoch': 2.1}
{'loss': 0.4123, 'learning_rate': 1.1525423728813561e-05, 'epoch': 2.12}
{'loss': 0.3968, 'learning_rate': 1.144393741851369e-05, 'epoch': 2.14}
{'loss': 0.3947, 'learning_rate': 1.1362451108213822e-05, 'epoch': 2.16}
{'loss': 0.4074, 'learning_rate': 1.1280964797913951e-05, 'epoch': 2.18}
{'loss': 0.4095, 'learning_rate': 1.1199478487614082e-05, 'epoch': 2.2}
{'loss': 0.4101, 'learning_rate': 1.1117992177314212e-05, 'epoch': 2.22}
{'loss': 0.4116, 'learning_rate': 1.1036505867014341e-05, 'epoch': 2.24}
{'loss': 0.4193, 'learning_rate': 1.0955019556714473e-05, 'epoch': 2.26}
{'loss': 0.4055, 'learning_rate': 1.0873533246414602e-05, 'epoch': 2.28}
{'loss': 0.4181, 'learning_rate': 1.0792046936114733e-05, 'epoch': 2.3}
{'loss': 0.4053, 'learning_rate': 1.0710560625814863e-05, 'epoch': 2.32}
{'loss': 0.4122, 'learning_rate': 1.0629074315514994e-05, 'epoch': 2.34}
{'loss': 0.4194, 'learning_rate': 1.0547588005215125e-05, 'epoch': 2.36}
{'loss': 0.4052, 'learning_rate': 1.0466101694915256e-05, 'epoch': 2.38}
{'loss': 0.4118, 'learning_rate': 1.0384615384615386e-05, 'epoch': 2.4}
{'loss': 0.3952, 'learning_rate': 1.0303129074315517e-05, 'epoch': 2.42}
{'loss': 0.4166, 'learning_rate': 1.0221642764015647e-05, 'epoch': 2.44}
{'loss': 0.427, 'learning_rate': 1.0140156453715778e-05, 'epoch': 2.46}
{'loss': 0.4111, 'learning_rate': 1.0058670143415907e-05, 'epoch': 2.49}
{'loss': 0.4108, 'learning_rate': 9.977183833116037e-06, 'epoch': 2.51}
{'loss': 0.4101, 'learning_rate': 9.895697522816168e-06, 'epoch': 2.53}
{'loss': 0.4074, 'learning_rate': 9.814211212516298e-06, 'epoch': 2.55}
{'loss': 0.412, 'learning_rate': 9.732724902216429e-06, 'epoch': 2.57}
{'loss': 0.4015, 'learning_rate': 9.651238591916558e-06, 'epoch': 2.59}
{'loss': 0.4152, 'learning_rate': 9.56975228161669e-06, 'epoch': 2.61}
{'loss': 0.3962, 'learning_rate': 9.488265971316819e-06, 'epoch': 2.63}
{'loss': 0.4104, 'learning_rate': 9.40677966101695e-06, 'epoch': 2.65}
{'loss': 0.4164, 'learning_rate': 9.325293350717081e-06, 'epoch': 2.67}
{'loss': 0.4227, 'learning_rate': 9.24380704041721e-06, 'epoch': 2.69}
{'loss': 0.3915, 'learning_rate': 9.162320730117342e-06, 'epoch': 2.71}
{'loss': 0.4055, 'learning_rate': 9.080834419817471e-06, 'epoch': 2.73}
{'loss': 0.4136, 'learning_rate': 8.999348109517601e-06, 'epoch': 2.75}
{'loss': 0.414, 'learning_rate': 8.917861799217732e-06, 'epoch': 2.77}
{'loss': 0.4226, 'learning_rate': 8.836375488917862e-06, 'epoch': 2.79}
{'loss': 0.4111, 'learning_rate': 8.754889178617993e-06, 'epoch': 2.81}
{'loss': 0.4103, 'learning_rate': 8.673402868318124e-06, 'epoch': 2.83}
{'loss': 0.407, 'learning_rate': 8.591916558018254e-06, 'epoch': 2.85}
{'loss': 0.4057, 'learning_rate': 8.510430247718385e-06, 'epoch': 2.87}
{'loss': 0.412, 'learning_rate': 8.428943937418514e-06, 'epoch': 2.89}
{'loss': 0.4186, 'learning_rate': 8.347457627118645e-06, 'epoch': 2.91}
{'loss': 0.4106, 'learning_rate': 8.265971316818775e-06, 'epoch': 2.93}
{'loss': 0.4122, 'learning_rate': 8.184485006518904e-06, 'epoch': 2.95}
{'loss': 0.415, 'learning_rate': 8.102998696219036e-06, 'epoch': 2.97}
{'loss': 0.4048, 'learning_rate': 8.021512385919165e-06, 'epoch': 2.99}
{'eval_loss': 0.6894717216491699, 'eval_accuracy': 0.7540918163672655, 'eval_runtime': 8.4442, 'eval_samples_per_second': 593.305, 'eval_steps_per_second': 37.185, 'epoch': 3.0}
{'loss': 0.3246, 'learning_rate': 7.940026075619296e-06, 'epoch': 3.01}
{'loss': 0.3183, 'learning_rate': 7.858539765319428e-06, 'epoch': 3.04}
{'loss': 0.3098, 'learning_rate': 7.777053455019557e-06, 'epoch': 3.06}
{'loss': 0.322, 'learning_rate': 7.695567144719688e-06, 'epoch': 3.08}
{'loss': 0.2998, 'learning_rate': 7.614080834419818e-06, 'epoch': 3.1}
{'loss': 0.3272, 'learning_rate': 7.532594524119948e-06, 'epoch': 3.12}
{'loss': 0.307, 'learning_rate': 7.451108213820078e-06, 'epoch': 3.14}
{'loss': 0.3172, 'learning_rate': 7.369621903520209e-06, 'epoch': 3.16}
{'loss': 0.3104, 'learning_rate': 7.288135593220339e-06, 'epoch': 3.18}
{'loss': 0.3186, 'learning_rate': 7.20664928292047e-06, 'epoch': 3.2}
{'loss': 0.3024, 'learning_rate': 7.125162972620601e-06, 'epoch': 3.22}
{'loss': 0.3132, 'learning_rate': 7.043676662320731e-06, 'epoch': 3.24}
{'loss': 0.3171, 'learning_rate': 6.962190352020861e-06, 'epoch': 3.26}
{'loss': 0.3185, 'learning_rate': 6.880704041720992e-06, 'epoch': 3.28}
{'loss': 0.3151, 'learning_rate': 6.799217731421122e-06, 'epoch': 3.3}
{'loss': 0.3141, 'learning_rate': 6.7177314211212515e-06, 'epoch': 3.32}
{'loss': 0.3129, 'learning_rate': 6.636245110821382e-06, 'epoch': 3.34}
{'loss': 0.3251, 'learning_rate': 6.554758800521513e-06, 'epoch': 3.36}
{'loss': 0.3178, 'learning_rate': 6.473272490221643e-06, 'epoch': 3.38}
{'loss': 0.3251, 'learning_rate': 6.391786179921774e-06, 'epoch': 3.4}
{'loss': 0.3167, 'learning_rate': 6.310299869621904e-06, 'epoch': 3.42}
{'loss': 0.3289, 'learning_rate': 6.2288135593220344e-06, 'epoch': 3.44}
{'loss': 0.3113, 'learning_rate': 6.147327249022165e-06, 'epoch': 3.46}
{'loss': 0.3163, 'learning_rate': 6.065840938722295e-06, 'epoch': 3.48}
{'loss': 0.3132, 'learning_rate': 5.9843546284224255e-06, 'epoch': 3.5}
{'loss': 0.3159, 'learning_rate': 5.902868318122556e-06, 'epoch': 3.52}
{'loss': 0.3245, 'learning_rate': 5.821382007822687e-06, 'epoch': 3.54}
{'loss': 0.3103, 'learning_rate': 5.739895697522817e-06, 'epoch': 3.57}
{'loss': 0.3165, 'learning_rate': 5.658409387222948e-06, 'epoch': 3.59}
{'loss': 0.3186, 'learning_rate': 5.576923076923077e-06, 'epoch': 3.61}
{'loss': 0.3378, 'learning_rate': 5.4954367666232076e-06, 'epoch': 3.63}
{'loss': 0.3295, 'learning_rate': 5.413950456323338e-06, 'epoch': 3.65}
{'loss': 0.3264, 'learning_rate': 5.332464146023468e-06, 'epoch': 3.67}
{'loss': 0.3299, 'learning_rate': 5.250977835723599e-06, 'epoch': 3.69}
{'loss': 0.3034, 'learning_rate': 5.169491525423729e-06, 'epoch': 3.71}
{'loss': 0.3113, 'learning_rate': 5.08800521512386e-06, 'epoch': 3.73}
{'loss': 0.3043, 'learning_rate': 5.0065189048239905e-06, 'epoch': 3.75}
{'loss': 0.3164, 'learning_rate': 4.92503259452412e-06, 'epoch': 3.77}
{'loss': 0.3221, 'learning_rate': 4.843546284224251e-06, 'epoch': 3.79}
{'loss': 0.3197, 'learning_rate': 4.7620599739243815e-06, 'epoch': 3.81}
{'loss': 0.3248, 'learning_rate': 4.680573663624511e-06, 'epoch': 3.83}
{'loss': 0.3098, 'learning_rate': 4.599087353324641e-06, 'epoch': 3.85}
{'loss': 0.3185, 'learning_rate': 4.5176010430247726e-06, 'epoch': 3.87}
{'loss': 0.2987, 'learning_rate': 4.436114732724903e-06, 'epoch': 3.89}
{'loss': 0.3049, 'learning_rate': 4.354628422425033e-06, 'epoch': 3.91}
{'loss': 0.3103, 'learning_rate': 4.273142112125163e-06, 'epoch': 3.93}
{'loss': 0.3126, 'learning_rate': 4.191655801825294e-06, 'epoch': 3.95}
{'loss': 0.3148, 'learning_rate': 4.110169491525424e-06, 'epoch': 3.97}
{'loss': 0.3021, 'learning_rate': 4.028683181225555e-06, 'epoch': 3.99}
{'eval_loss': 0.8134810328483582, 'eval_accuracy': 0.7596806387225549, 'eval_runtime': 8.4724, 'eval_samples_per_second': 591.332, 'eval_steps_per_second': 37.062, 'epoch': 4.0}
{'loss': 0.2455, 'learning_rate': 3.947196870925685e-06, 'epoch': 4.01}
{'loss': 0.2492, 'learning_rate': 3.865710560625815e-06, 'epoch': 4.03}
{'loss': 0.2449, 'learning_rate': 3.7842242503259457e-06, 'epoch': 4.05}
{'loss': 0.2358, 'learning_rate': 3.702737940026076e-06, 'epoch': 4.07}
{'loss': 0.2501, 'learning_rate': 3.6212516297262064e-06, 'epoch': 4.09}
{'loss': 0.2453, 'learning_rate': 3.5397653194263363e-06, 'epoch': 4.12}
{'loss': 0.2369, 'learning_rate': 3.4582790091264675e-06, 'epoch': 4.14}
{'loss': 0.2413, 'learning_rate': 3.3767926988265974e-06, 'epoch': 4.16}
{'loss': 0.2387, 'learning_rate': 3.2953063885267278e-06, 'epoch': 4.18}
{'loss': 0.2416, 'learning_rate': 3.213820078226858e-06, 'epoch': 4.2}
{'loss': 0.2439, 'learning_rate': 3.1323337679269885e-06, 'epoch': 4.22}
{'loss': 0.2496, 'learning_rate': 3.0508474576271192e-06, 'epoch': 4.24}
{'loss': 0.2413, 'learning_rate': 2.969361147327249e-06, 'epoch': 4.26}
{'loss': 0.2534, 'learning_rate': 2.8878748370273795e-06, 'epoch': 4.28}
{'loss': 0.2328, 'learning_rate': 2.80638852672751e-06, 'epoch': 4.3}
{'loss': 0.248, 'learning_rate': 2.7249022164276406e-06, 'epoch': 4.32}
{'loss': 0.2428, 'learning_rate': 2.643415906127771e-06, 'epoch': 4.34}
{'loss': 0.2537, 'learning_rate': 2.5619295958279013e-06, 'epoch': 4.36}
{'loss': 0.2447, 'learning_rate': 2.4804432855280312e-06, 'epoch': 4.38}
{'loss': 0.2527, 'learning_rate': 2.398956975228162e-06, 'epoch': 4.4}
{'loss': 0.2478, 'learning_rate': 2.3174706649282924e-06, 'epoch': 4.42}
{'loss': 0.245, 'learning_rate': 2.2359843546284227e-06, 'epoch': 4.44}
{'loss': 0.2577, 'learning_rate': 2.154498044328553e-06, 'epoch': 4.46}
{'loss': 0.2495, 'learning_rate': 2.0730117340286834e-06, 'epoch': 4.48}
{'loss': 0.2446, 'learning_rate': 1.9915254237288137e-06, 'epoch': 4.5}
{'loss': 0.2277, 'learning_rate': 1.910039113428944e-06, 'epoch': 4.52}
{'loss': 0.2402, 'learning_rate': 1.8285528031290744e-06, 'epoch': 4.54}
{'loss': 0.2412, 'learning_rate': 1.7470664928292048e-06, 'epoch': 4.56}
{'loss': 0.2285, 'learning_rate': 1.6655801825293353e-06, 'epoch': 4.58}
{'loss': 0.2529, 'learning_rate': 1.5840938722294655e-06, 'epoch': 4.6}
{'loss': 0.24, 'learning_rate': 1.502607561929596e-06, 'epoch': 4.62}
{'loss': 0.2462, 'learning_rate': 1.4211212516297262e-06, 'epoch': 4.64}
{'loss': 0.2207, 'learning_rate': 1.3396349413298567e-06, 'epoch': 4.67}
{'loss': 0.2595, 'learning_rate': 1.258148631029987e-06, 'epoch': 4.69}
{'loss': 0.2332, 'learning_rate': 1.1766623207301174e-06, 'epoch': 4.71}
{'loss': 0.2375, 'learning_rate': 1.0951760104302478e-06, 'epoch': 4.73}
{'loss': 0.2457, 'learning_rate': 1.0136897001303781e-06, 'epoch': 4.75}
{'loss': 0.2287, 'learning_rate': 9.322033898305086e-07, 'epoch': 4.77}
{'loss': 0.2441, 'learning_rate': 8.507170795306389e-07, 'epoch': 4.79}
{'loss': 0.2429, 'learning_rate': 7.692307692307694e-07, 'epoch': 4.81}
{'loss': 0.2379, 'learning_rate': 6.877444589308997e-07, 'epoch': 4.83}
{'loss': 0.2487, 'learning_rate': 6.0625814863103e-07, 'epoch': 4.85}
{'loss': 0.2434, 'learning_rate': 5.247718383311604e-07, 'epoch': 4.87}
{'loss': 0.2413, 'learning_rate': 4.432855280312908e-07, 'epoch': 4.89}
{'loss': 0.227, 'learning_rate': 3.6179921773142114e-07, 'epoch': 4.91}
{'loss': 0.2399, 'learning_rate': 2.803129074315515e-07, 'epoch': 4.93}
{'loss': 0.2488, 'learning_rate': 1.988265971316819e-07, 'epoch': 4.95}
{'loss': 0.24, 'learning_rate': 1.1734028683181226e-07, 'epoch': 4.97}
{'loss': 0.2647, 'learning_rate': 3.585397653194264e-08, 'epoch': 4.99}
{'eval_loss': 0.972698450088501, 'eval_accuracy': 0.7467065868263473, 'eval_runtime': 8.5059, 'eval_samples_per_second': 589.004, 'eval_steps_per_second': 36.916, 'epoch': 5.0}
{'train_runtime': 17660.2648, 'train_samples_per_second': 111.182, 'train_steps_per_second': 6.949, 'train_loss': 0.4221269011963766, 'epoch': 5.0}
{'eval_loss': 0.5793585777282715, 'eval_accuracy': 0.7644710578842315, 'eval_runtime': 8.1972, 'eval_samples_per_second': 611.183, 'eval_steps_per_second': 38.306, 'epoch': 5.0}
